<?xml version="1.0" encoding="UTF-8"?>
<testng-results ignored="0" total="2" passed="1" failed="1" skipped="0">
  <reporter-output>
    <line>
      <![CDATA[TC clickOnAccountAndList is running]]>
    </line>
    <line>
      <![CDATA[TC enterUserID is running]]>
    </line>
    <line>
      <![CDATA[TC clickOnContinueButton is running]]>
    </line>
    <line>
      <![CDATA[TC enterPassword is running]]>
    </line>
    <line>
      <![CDATA[TC clickOnSubmitButton is running]]>
    </line>
    <line>
      <![CDATA[TC searchItem is running]]>
    </line>
    <line>
      <![CDATA[TC clickOnsearchButton is running]]>
    </line>
    <line>
      <![CDATA[TC ProductIphone13mini is running]]>
    </line>
    <line>
      <![CDATA[Test Case TestSearchBox is running successfully]]>
    </line>
    <line>
      <![CDATA[TC validateUserName is running]]>
    </line>
    <line>
      <![CDATA[Test Case validateUserName is Failed]]>
    </line>
    <line>
      <![CDATA[TC mouseHoverToaccountAndList is running]]>
    </line>
    <line>
      <![CDATA[TC clickONlogOutbutton is running]]>
    </line>
  </reporter-output>
  <suite started-at="2023-07-03T22:39:39 IST" name="Suite" finished-at="2023-07-03T22:40:13 IST" duration-ms="33778">
    <groups>
    </groups>
    <test started-at="2023-07-03T22:39:39 IST" name="Test" finished-at="2023-07-03T22:40:13 IST" duration-ms="33778">
      <class name="a4TestNGPack.Amazon_E_Commerce_Project_Chrome">
        <test-method is-config="true" signature="beforeClassMethod()[pri:0, instance:a4TestNGPack.Amazon_E_Commerce_Project_Chrome@17f62e33]" started-at="2023-07-03T22:39:39 IST" name="beforeClassMethod" finished-at="2023-07-03T22:39:57 IST" duration-ms="18495" status="PASS">
          <reporter-output>
            <line>
              <![CDATA[TC clickOnAccountAndList is running]]>
            </line>
            <line>
              <![CDATA[TC enterUserID is running]]>
            </line>
            <line>
              <![CDATA[TC clickOnContinueButton is running]]>
            </line>
            <line>
              <![CDATA[TC enterPassword is running]]>
            </line>
            <line>
              <![CDATA[TC clickOnSubmitButton is running]]>
            </line>
          </reporter-output>
        </test-method> <!-- beforeClassMethod -->
        <test-method signature="TestSearchBox()[pri:0, instance:a4TestNGPack.Amazon_E_Commerce_Project_Chrome@17f62e33]" started-at="2023-07-03T22:39:57 IST" name="TestSearchBox" finished-at="2023-07-03T22:40:09 IST" duration-ms="11623" status="PASS">
          <reporter-output>
            <line>
              <![CDATA[TC searchItem is running]]>
            </line>
            <line>
              <![CDATA[TC clickOnsearchButton is running]]>
            </line>
            <line>
              <![CDATA[TC ProductIphone13mini is running]]>
            </line>
            <line>
              <![CDATA[Test Case TestSearchBox is running successfully]]>
            </line>
          </reporter-output>
        </test-method> <!-- TestSearchBox -->
        <test-method signature="validateUserName()[pri:0, instance:a4TestNGPack.Amazon_E_Commerce_Project_Chrome@17f62e33]" started-at="2023-07-03T22:40:09 IST" name="validateUserName" finished-at="2023-07-03T22:40:09 IST" duration-ms="151" status="FAIL">
          <exception class="java.lang.AssertionError">
            <message>
              <![CDATA[Actual and Expected User Names are not equal TC Failed expected [7757013834] but found [Hello, ekta]]]>
            </message>
            <full-stacktrace>
              <![CDATA[java.lang.AssertionError: Actual and Expected User Names are not equal TC Failed expected [7757013834] but found [Hello, ekta]
at org.testng.Assert.fail(Assert.java:111)
at org.testng.Assert.failNotEquals(Assert.java:1578)
at org.testng.Assert.assertEqualsImpl(Assert.java:150)
at org.testng.Assert.assertEquals(Assert.java:132)
at org.testng.Assert.assertEquals(Assert.java:656)
at a4TestNGPack.Amazon_E_Commerce_Project_Chrome.validateUserName(Amazon_E_Commerce_Project_Chrome.java:75)
at java.base/jdk.internal.reflect.NativeMethodAccessorImpl.invoke0(Native Method)
at java.base/jdk.internal.reflect.NativeMethodAccessorImpl.invoke(NativeMethodAccessorImpl.java:62)
at java.base/jdk.internal.reflect.DelegatingMethodAccessorImpl.invoke(DelegatingMethodAccessorImpl.java:43)
at java.base/java.lang.reflect.Method.invoke(Method.java:566)
at org.testng.internal.invokers.MethodInvocationHelper.invokeMethod(MethodInvocationHelper.java:139)
at org.testng.internal.invokers.TestInvoker.invokeMethod(TestInvoker.java:664)
at org.testng.internal.invokers.TestInvoker.invokeTestMethod(TestInvoker.java:227)
at org.testng.internal.invokers.MethodRunner.runInSequence(MethodRunner.java:50)
at org.testng.internal.invokers.TestInvoker$MethodInvocationAgent.invoke(TestInvoker.java:957)
at org.testng.internal.invokers.TestInvoker.invokeTestMethods(TestInvoker.java:200)
at org.testng.internal.invokers.TestMethodWorker.invokeTestMethods(TestMethodWorker.java:148)
at org.testng.internal.invokers.TestMethodWorker.run(TestMethodWorker.java:128)
at java.base/java.util.ArrayList.forEach(ArrayList.java:1541)
at org.testng.TestRunner.privateRun(TestRunner.java:848)
at org.testng.TestRunner.run(TestRunner.java:621)
at org.testng.SuiteRunner.runTest(SuiteRunner.java:443)
at org.testng.SuiteRunner.runSequentially(SuiteRunner.java:437)
at org.testng.SuiteRunner.privateRun(SuiteRunner.java:397)
at org.testng.SuiteRunner.run(SuiteRunner.java:336)
at org.testng.SuiteRunnerWorker.runSuite(SuiteRunnerWorker.java:52)
at org.testng.SuiteRunnerWorker.run(SuiteRunnerWorker.java:95)
at org.testng.TestNG.runSuitesSequentially(TestNG.java:1280)
at org.testng.TestNG.runSuitesLocally(TestNG.java:1200)
at org.testng.TestNG.runSuites(TestNG.java:1114)
at org.testng.TestNG.run(TestNG.java:1082)
at org.apache.maven.surefire.testng.TestNGExecutor.run(TestNGExecutor.java:308)
at org.apache.maven.surefire.testng.TestNGXmlTestSuite.execute(TestNGXmlTestSuite.java:71)
at org.apache.maven.surefire.testng.TestNGProvider.invoke(TestNGProvider.java:113)
at org.apache.maven.surefire.booter.ForkedBooter.runSuitesInProcess(ForkedBooter.java:385)
at org.apache.maven.surefire.booter.ForkedBooter.execute(ForkedBooter.java:162)
at org.apache.maven.surefire.booter.ForkedBooter.run(ForkedBooter.java:507)
at org.apache.maven.surefire.booter.ForkedBooter.main(ForkedBooter.java:495)
]]>
            </full-stacktrace>
          </exception> <!-- java.lang.AssertionError -->
          <reporter-output>
            <line>
              <![CDATA[TC validateUserName is running]]>
            </line>
            <line>
              <![CDATA[Test Case validateUserName is Failed]]>
            </line>
          </reporter-output>
        </test-method> <!-- validateUserName -->
        <test-method is-config="true" signature="afterClassM()[pri:0, instance:a4TestNGPack.Amazon_E_Commerce_Project_Chrome@17f62e33]" started-at="2023-07-03T22:40:09 IST" name="afterClassM" finished-at="2023-07-03T22:40:13 IST" duration-ms="3163" status="PASS">
          <reporter-output>
            <line>
              <![CDATA[TC mouseHoverToaccountAndList is running]]>
            </line>
            <line>
              <![CDATA[TC clickONlogOutbutton is running]]>
            </line>
          </reporter-output>
        </test-method> <!-- afterClassM -->
      </class> <!-- a4TestNGPack.Amazon_E_Commerce_Project_Chrome -->
    </test> <!-- Test -->
  </suite> <!-- Suite -->
</testng-results>
